2019-03-26 17:44:05,125 INFO o.a.j.u.JMeterUtils: Setting Locale to en_EN
2019-03-26 17:44:05,152 INFO o.a.j.JMeter: Loading user properties from: D:\Program Files\Apache Software Foundation\apache-jmeter-5.1\bin\user.properties
2019-03-26 17:44:05,152 INFO o.a.j.JMeter: Loading system properties from: D:\Program Files\Apache Software Foundation\apache-jmeter-5.1\bin\system.properties
2019-03-26 17:44:05,159 INFO o.a.j.JMeter: Copyright (c) 1998-2019 The Apache Software Foundation
2019-03-26 17:44:05,160 INFO o.a.j.JMeter: Version 5.1 r1853635
2019-03-26 17:44:05,160 INFO o.a.j.JMeter: java.version=1.8.0_161
2019-03-26 17:44:05,160 INFO o.a.j.JMeter: java.vm.name=Java HotSpot(TM) 64-Bit Server VM
2019-03-26 17:44:05,160 INFO o.a.j.JMeter: os.name=Windows 10
2019-03-26 17:44:05,160 INFO o.a.j.JMeter: os.arch=amd64
2019-03-26 17:44:05,160 INFO o.a.j.JMeter: os.version=10.0
2019-03-26 17:44:05,160 INFO o.a.j.JMeter: file.encoding=MS949
2019-03-26 17:44:05,160 INFO o.a.j.JMeter: java.awt.headless=null
2019-03-26 17:44:05,160 INFO o.a.j.JMeter: Max memory     =1073741824
2019-03-26 17:44:05,161 INFO o.a.j.JMeter: Available Processors =4
2019-03-26 17:44:05,165 INFO o.a.j.JMeter: Default Locale=English (EN)
2019-03-26 17:44:05,165 INFO o.a.j.JMeter: JMeter  Locale=English (EN)
2019-03-26 17:44:05,165 INFO o.a.j.JMeter: JMeterHome=D:\Program Files\Apache Software Foundation\apache-jmeter-5.1
2019-03-26 17:44:05,165 INFO o.a.j.JMeter: user.dir  =D:\WS_sts\MIS
2019-03-26 17:44:05,166 INFO o.a.j.JMeter: PWD       =D:\WS_sts\MIS
2019-03-26 17:44:05,167 INFO o.a.j.JMeter: IP: 192.168.56.1 Name: ASK_Laptop FullName: ASK_Laptop
2019-03-26 17:44:05,341 INFO o.a.j.g.a.LookAndFeelCommand: Installing Darcula LAF
2019-03-26 17:44:05,364 INFO o.a.j.g.a.LookAndFeelCommand: Using look and feel: com.bulenkov.darcula.DarculaLaf [Darcula]
2019-03-26 17:44:05,365 INFO o.a.j.JMeter: Setting LAF to: com.bulenkov.darcula.DarculaLaf
2019-03-26 17:44:05,423 INFO o.a.j.JMeter: Loaded icon properties from org/apache/jmeter/images/icon.properties
2019-03-26 17:44:05,917 INFO o.a.j.e.u.CompoundVariable: Note: Function class names must contain the string: '.functions.'
2019-03-26 17:44:05,917 INFO o.a.j.e.u.CompoundVariable: Note: Function class names must not contain the string: '.gui.'
2019-03-26 17:44:07,624 INFO o.a.j.p.h.s.HTTPSamplerBase: Parser for text/html is org.apache.jmeter.protocol.http.parser.LagartoBasedHtmlParser
2019-03-26 17:44:07,625 INFO o.a.j.p.h.s.HTTPSamplerBase: Parser for application/xhtml+xml is org.apache.jmeter.protocol.http.parser.LagartoBasedHtmlParser
2019-03-26 17:44:07,626 INFO o.a.j.p.h.s.HTTPSamplerBase: Parser for application/xml is org.apache.jmeter.protocol.http.parser.LagartoBasedHtmlParser
2019-03-26 17:44:07,626 INFO o.a.j.p.h.s.HTTPSamplerBase: Parser for text/xml is org.apache.jmeter.protocol.http.parser.LagartoBasedHtmlParser
2019-03-26 17:44:07,627 INFO o.a.j.p.h.s.HTTPSamplerBase: Parser for text/vnd.wap.wml is org.apache.jmeter.protocol.http.parser.RegexpHTMLParser
2019-03-26 17:44:07,627 INFO o.a.j.p.h.s.HTTPSamplerBase: Parser for text/css is org.apache.jmeter.protocol.http.parser.CssParser
2019-03-26 17:44:08,383 INFO o.a.j.e.KeyToolUtils: keytool found at 'keytool'
2019-03-26 17:44:08,386 INFO o.a.j.p.h.p.ProxyControl: HTTP(S) Test Script Recorder SSL Proxy will use keys that support embedded 3rd party resources in file D:\Program Files\Apache Software Foundation\apache-jmeter-5.1\bin\proxyserver.jks
2019-03-26 17:44:08,558 INFO o.a.j.s.FileServer: Default base='D:\WS_sts\MIS'
2019-03-26 17:44:09,337 INFO o.a.j.s.SampleResult: Note: Sample TimeStamps are START times
2019-03-26 17:44:09,337 INFO o.a.j.s.SampleResult: sampleresult.default.encoding is set to ISO-8859-1
2019-03-26 17:44:09,337 INFO o.a.j.s.SampleResult: sampleresult.useNanoTime=true
2019-03-26 17:44:09,337 INFO o.a.j.s.SampleResult: sampleresult.nanoThreadSleep=5000
2019-03-26 17:44:38,049 INFO o.a.j.g.a.Load: Loading file: C:\Users\user\Desktop\test-Combined-JMeter-and-Selenium.yaml
2019-03-26 17:44:38,049 INFO o.a.j.s.FileServer: Set new base='C:\Users\user\Desktop'
2019-03-26 17:44:38,174 INFO o.a.j.s.SaveService: Testplan (JMX) version: 2.2. Testlog (JTL) version: 2.2
2019-03-26 17:44:38,190 INFO o.a.j.s.SaveService: Using SaveService properties file encoding UTF-8
2019-03-26 17:44:38,190 INFO o.a.j.s.SaveService: Using SaveService properties version 5.0
2019-03-26 17:44:38,190 INFO o.a.j.s.SaveService: Loading file: C:\Users\user\Desktop\test-Combined-JMeter-and-Selenium.yaml
2019-03-26 17:44:38,205 WARN o.a.j.g.a.Load: Error in XML format. org.xmlpull.v1.XmlPullParserException: only whitespace content allowed before start tag and not # (position: START_DOCUMENT seen \r\n#... @2:2) 
2019-03-26 17:52:14,217 INFO o.a.j.g.a.Load: Loading file: C:\Users\user\Desktop\MIS_Login.jmx
2019-03-26 17:52:14,217 INFO o.a.j.s.FileServer: Set new base='C:\Users\user\Desktop'
2019-03-26 17:52:14,217 INFO o.a.j.s.SaveService: Loading file: C:\Users\user\Desktop\MIS_Login.jmx
2019-03-26 17:52:14,233 INFO o.a.j.p.h.c.CookieManager: Settings: Delete null: true Check: true Allow variable: true Save: false Prefix: COOKIE_
2019-03-26 17:52:14,233 INFO o.a.j.p.h.c.CacheManager: Will only cache the following methods: [GET]
2019-03-26 17:52:14,311 INFO o.a.j.s.FileServer: Set new base='C:\Users\user\Desktop'
2019-03-26 17:52:27,598 INFO o.a.j.e.StandardJMeterEngine: Running the test!
2019-03-26 17:52:27,598 INFO o.a.j.s.SampleEvent: List of sample_variables: []
2019-03-26 17:52:27,598 INFO o.a.j.s.SampleEvent: List of sample_variables: []
2019-03-26 17:52:27,614 INFO o.a.j.g.u.JMeterMenuBar: setRunning(true, *local*)
2019-03-26 17:52:27,631 INFO o.a.j.e.StandardJMeterEngine: Starting ThreadGroup: 1 : Thread Group
2019-03-26 17:52:27,631 INFO o.a.j.e.StandardJMeterEngine: Starting 1 threads for group Thread Group.
2019-03-26 17:52:27,631 INFO o.a.j.e.StandardJMeterEngine: Thread will continue on error
2019-03-26 17:52:27,631 INFO o.a.j.t.ThreadGroup: Starting thread group... number=1 threads=1 ramp-up=1 perThread=1000.0 delayedStart=false
2019-03-26 17:52:27,647 INFO o.a.j.t.ThreadGroup: Started thread group number 1
2019-03-26 17:52:27,647 INFO o.a.j.e.StandardJMeterEngine: All thread groups have been started
2019-03-26 17:52:27,647 INFO o.a.j.t.JMeterThread: Thread started: Thread Group 1-1
2019-03-26 17:52:27,662 INFO o.a.j.p.h.s.HTTPHCAbstractImpl: Local host = ASK_Laptop
2019-03-26 17:52:27,678 INFO o.a.j.p.h.s.HTTPHC4Impl: HTTP request retry count = 0
2019-03-26 17:52:27,803 INFO o.a.j.p.h.p.BaseParser: Created org.apache.jmeter.protocol.http.parser.LagartoBasedHtmlParser
2019-03-26 17:52:27,881 INFO o.a.j.p.h.s.ResourcesDownloader: Creating ResourcesDownloader with keepalive_inseconds : 60
2019-03-26 17:52:27,881 INFO o.a.j.p.h.s.h.LazyLayeredConnectionSocketFactory: Setting up HTTPS TrustAll Socket Factory
2019-03-26 17:52:27,897 INFO o.a.j.u.JsseSSLManager: Using default SSL protocol: TLS
2019-03-26 17:52:27,897 INFO o.a.j.u.JsseSSLManager: SSL session context: per-thread
2019-03-26 17:52:28,444 INFO o.a.j.u.SSLManager: JmeterKeyStore Location:  type JKS
2019-03-26 17:52:28,444 INFO o.a.j.u.SSLManager: KeyStore created OK
2019-03-26 17:52:28,444 WARN o.a.j.u.SSLManager: Keystore file not found, loading empty keystore
2019-03-26 17:52:29,149 INFO o.a.j.p.h.p.BaseParser: Created org.apache.jmeter.protocol.http.parser.CssParser
2019-03-26 17:52:44,613 INFO o.a.j.t.JMeterThread: Thread is done: Thread Group 1-1
2019-03-26 17:52:44,614 INFO o.a.j.t.JMeterThread: Thread finished: Thread Group 1-1
2019-03-26 17:52:44,618 INFO o.a.j.e.StandardJMeterEngine: Notifying test listeners of end of test
2019-03-26 17:52:44,619 INFO o.a.j.g.u.JMeterMenuBar: setRunning(false, *local*)
2019-03-26 17:53:06,630 INFO o.a.j.e.StandardJMeterEngine: Running the test!
2019-03-26 17:53:06,630 INFO o.a.j.s.SampleEvent: List of sample_variables: []
2019-03-26 17:53:06,630 INFO o.a.j.g.u.JMeterMenuBar: setRunning(true, *local*)
2019-03-26 17:53:06,755 INFO o.a.j.e.StandardJMeterEngine: Starting ThreadGroup: 1 : Thread Group
2019-03-26 17:53:06,755 INFO o.a.j.e.StandardJMeterEngine: Starting 1 threads for group Thread Group.
2019-03-26 17:53:06,755 INFO o.a.j.e.StandardJMeterEngine: Thread will continue on error
2019-03-26 17:53:06,755 INFO o.a.j.t.ThreadGroup: Starting thread group... number=1 threads=1 ramp-up=1 perThread=1000.0 delayedStart=false
2019-03-26 17:53:06,755 INFO o.a.j.t.ThreadGroup: Started thread group number 1
2019-03-26 17:53:06,755 INFO o.a.j.e.StandardJMeterEngine: All thread groups have been started
2019-03-26 17:53:06,755 INFO o.a.j.t.JMeterThread: Thread started: Thread Group 1-1
2019-03-26 17:53:21,480 INFO o.a.j.t.JMeterThread: Thread is done: Thread Group 1-1
2019-03-26 17:53:21,480 INFO o.a.j.t.JMeterThread: Thread finished: Thread Group 1-1
2019-03-26 17:53:21,480 INFO o.a.j.e.StandardJMeterEngine: Notifying test listeners of end of test
2019-03-26 17:53:21,480 INFO o.a.j.g.u.JMeterMenuBar: setRunning(false, *local*)
2019-03-26 17:53:50,943 INFO o.a.j.e.StandardJMeterEngine: Running the test!
2019-03-26 17:53:50,943 INFO o.a.j.s.SampleEvent: List of sample_variables: []
2019-03-26 17:53:50,943 INFO o.a.j.g.u.JMeterMenuBar: setRunning(true, *local*)
2019-03-26 17:53:51,053 INFO o.a.j.e.StandardJMeterEngine: Starting ThreadGroup: 1 : Thread Group
2019-03-26 17:53:51,053 INFO o.a.j.e.StandardJMeterEngine: Starting 1 threads for group Thread Group.
2019-03-26 17:53:51,053 INFO o.a.j.e.StandardJMeterEngine: Thread will continue on error
2019-03-26 17:53:51,053 INFO o.a.j.t.ThreadGroup: Starting thread group... number=1 threads=1 ramp-up=1 perThread=1000.0 delayedStart=false
2019-03-26 17:53:51,053 INFO o.a.j.t.ThreadGroup: Started thread group number 1
2019-03-26 17:53:51,053 INFO o.a.j.e.StandardJMeterEngine: All thread groups have been started
2019-03-26 17:53:51,053 INFO o.a.j.t.JMeterThread: Thread started: Thread Group 1-1
2019-03-26 17:54:05,814 INFO o.a.j.t.JMeterThread: Thread is done: Thread Group 1-1
2019-03-26 17:54:05,814 INFO o.a.j.t.JMeterThread: Thread finished: Thread Group 1-1
2019-03-26 17:54:05,814 INFO o.a.j.e.StandardJMeterEngine: Notifying test listeners of end of test
2019-03-26 17:54:05,814 INFO o.a.j.g.u.JMeterMenuBar: setRunning(false, *local*)
2019-03-26 17:54:17,242 INFO o.a.j.e.StandardJMeterEngine: Running the test!
2019-03-26 17:54:17,242 INFO o.a.j.s.SampleEvent: List of sample_variables: []
2019-03-26 17:54:17,242 INFO o.a.j.g.u.JMeterMenuBar: setRunning(true, *local*)
2019-03-26 17:54:17,351 INFO o.a.j.e.StandardJMeterEngine: Starting ThreadGroup: 1 : Thread Group
2019-03-26 17:54:17,351 INFO o.a.j.e.StandardJMeterEngine: Starting 1 threads for group Thread Group.
2019-03-26 17:54:17,351 INFO o.a.j.e.StandardJMeterEngine: Thread will continue on error
2019-03-26 17:54:17,351 INFO o.a.j.t.ThreadGroup: Starting thread group... number=1 threads=1 ramp-up=1 perThread=1000.0 delayedStart=false
2019-03-26 17:54:17,351 INFO o.a.j.t.ThreadGroup: Started thread group number 1
2019-03-26 17:54:17,351 INFO o.a.j.e.StandardJMeterEngine: All thread groups have been started
2019-03-26 17:54:17,351 INFO o.a.j.t.JMeterThread: Thread started: Thread Group 1-1
2019-03-26 17:54:32,092 INFO o.a.j.t.JMeterThread: Thread is done: Thread Group 1-1
2019-03-26 17:54:32,092 INFO o.a.j.t.JMeterThread: Thread finished: Thread Group 1-1
2019-03-26 17:54:32,092 INFO o.a.j.e.StandardJMeterEngine: Notifying test listeners of end of test
2019-03-26 17:54:32,092 INFO o.a.j.g.u.JMeterMenuBar: setRunning(false, *local*)
2019-03-26 17:55:13,829 INFO o.a.j.e.StandardJMeterEngine: Running the test!
2019-03-26 17:55:13,829 INFO o.a.j.s.SampleEvent: List of sample_variables: []
2019-03-26 17:55:13,829 INFO o.a.j.g.u.JMeterMenuBar: setRunning(true, *local*)
2019-03-26 17:55:13,938 INFO o.a.j.e.StandardJMeterEngine: Starting ThreadGroup: 1 : Thread Group
2019-03-26 17:55:13,938 INFO o.a.j.e.StandardJMeterEngine: Starting 1 threads for group Thread Group.
2019-03-26 17:55:13,938 INFO o.a.j.e.StandardJMeterEngine: Thread will continue on error
2019-03-26 17:55:13,938 INFO o.a.j.t.ThreadGroup: Starting thread group... number=1 threads=1 ramp-up=1 perThread=1000.0 delayedStart=false
2019-03-26 17:55:13,938 INFO o.a.j.t.ThreadGroup: Started thread group number 1
2019-03-26 17:55:13,938 INFO o.a.j.e.StandardJMeterEngine: All thread groups have been started
2019-03-26 17:55:13,938 INFO o.a.j.t.JMeterThread: Thread started: Thread Group 1-1
2019-03-26 17:55:15,272 INFO o.a.j.t.JMeterThread: Thread is done: Thread Group 1-1
2019-03-26 17:55:15,272 INFO o.a.j.t.JMeterThread: Thread finished: Thread Group 1-1
2019-03-26 17:55:15,272 INFO o.a.j.e.StandardJMeterEngine: Notifying test listeners of end of test
2019-03-26 17:55:15,272 INFO o.a.j.g.u.JMeterMenuBar: setRunning(false, *local*)
2019-03-26 18:06:49,060 INFO o.a.j.e.StandardJMeterEngine: Running the test!
2019-03-26 18:06:49,060 INFO o.a.j.s.SampleEvent: List of sample_variables: []
2019-03-26 18:06:49,075 INFO o.a.j.g.u.JMeterMenuBar: setRunning(true, *local*)
2019-03-26 18:06:49,091 INFO o.a.j.e.StandardJMeterEngine: Starting ThreadGroup: 1 : Thread Group
2019-03-26 18:06:49,091 INFO o.a.j.e.StandardJMeterEngine: Starting 1 threads for group Thread Group.
2019-03-26 18:06:49,091 INFO o.a.j.e.StandardJMeterEngine: Thread will continue on error
2019-03-26 18:06:49,091 INFO o.a.j.t.ThreadGroup: Starting thread group... number=1 threads=1 ramp-up=1 perThread=1000.0 delayedStart=false
2019-03-26 18:06:49,091 INFO o.a.j.t.ThreadGroup: Started thread group number 1
2019-03-26 18:06:49,091 INFO o.a.j.e.StandardJMeterEngine: All thread groups have been started
2019-03-26 18:06:49,091 INFO o.a.j.t.JMeterThread: Thread started: Thread Group 1-1
2019-03-26 18:06:50,613 INFO o.a.j.t.JMeterThread: Thread is done: Thread Group 1-1
2019-03-26 18:06:50,613 INFO o.a.j.t.JMeterThread: Thread finished: Thread Group 1-1
2019-03-26 18:06:50,614 INFO o.a.j.e.StandardJMeterEngine: Notifying test listeners of end of test
2019-03-26 18:06:50,614 INFO o.a.j.g.u.JMeterMenuBar: setRunning(false, *local*)
2019-03-26 18:07:56,400 INFO o.a.j.e.StandardJMeterEngine: Running the test!
2019-03-26 18:07:56,400 INFO o.a.j.s.SampleEvent: List of sample_variables: []
2019-03-26 18:07:56,401 INFO o.a.j.g.u.JMeterMenuBar: setRunning(true, *local*)
2019-03-26 18:07:56,413 INFO o.a.j.e.StandardJMeterEngine: Starting ThreadGroup: 1 : Thread Group
2019-03-26 18:07:56,413 INFO o.a.j.e.StandardJMeterEngine: Starting 1 threads for group Thread Group.
2019-03-26 18:07:56,413 INFO o.a.j.e.StandardJMeterEngine: Thread will continue on error
2019-03-26 18:07:56,413 INFO o.a.j.t.ThreadGroup: Starting thread group... number=1 threads=1 ramp-up=1 perThread=1000.0 delayedStart=false
2019-03-26 18:07:56,414 INFO o.a.j.t.ThreadGroup: Started thread group number 1
2019-03-26 18:07:56,414 INFO o.a.j.e.StandardJMeterEngine: All thread groups have been started
2019-03-26 18:07:56,415 INFO o.a.j.t.JMeterThread: Thread started: Thread Group 1-1
2019-03-26 18:07:58,095 INFO o.a.j.t.JMeterThread: Thread is done: Thread Group 1-1
2019-03-26 18:07:58,095 INFO o.a.j.t.JMeterThread: Thread finished: Thread Group 1-1
2019-03-26 18:07:58,096 INFO o.a.j.e.StandardJMeterEngine: Notifying test listeners of end of test
2019-03-26 18:07:58,097 INFO o.a.j.g.u.JMeterMenuBar: setRunning(false, *local*)
2019-03-26 18:12:55,587 INFO o.a.j.e.StandardJMeterEngine: Running the test!
2019-03-26 18:12:55,587 INFO o.a.j.s.SampleEvent: List of sample_variables: []
2019-03-26 18:12:55,587 INFO o.a.j.g.u.JMeterMenuBar: setRunning(true, *local*)
2019-03-26 18:12:55,723 INFO o.a.j.e.StandardJMeterEngine: Starting ThreadGroup: 1 : Thread Group
2019-03-26 18:12:55,723 INFO o.a.j.e.StandardJMeterEngine: Starting 1 threads for group Thread Group.
2019-03-26 18:12:55,723 INFO o.a.j.e.StandardJMeterEngine: Thread will continue on error
2019-03-26 18:12:55,723 INFO o.a.j.t.ThreadGroup: Starting thread group... number=1 threads=1 ramp-up=1 perThread=1000.0 delayedStart=false
2019-03-26 18:12:55,723 INFO o.a.j.t.ThreadGroup: Started thread group number 1
2019-03-26 18:12:55,723 INFO o.a.j.e.StandardJMeterEngine: All thread groups have been started
2019-03-26 18:12:55,723 INFO o.a.j.t.JMeterThread: Thread started: Thread Group 1-1
2019-03-26 18:12:57,052 INFO o.a.j.t.JMeterThread: Thread is done: Thread Group 1-1
2019-03-26 18:12:57,052 INFO o.a.j.t.JMeterThread: Thread finished: Thread Group 1-1
2019-03-26 18:12:57,052 INFO o.a.j.e.StandardJMeterEngine: Notifying test listeners of end of test
2019-03-26 18:12:57,052 INFO o.a.j.g.u.JMeterMenuBar: setRunning(false, *local*)
2019-03-26 18:13:46,393 INFO o.a.j.e.StandardJMeterEngine: Running the test!
2019-03-26 18:13:46,393 INFO o.a.j.s.SampleEvent: List of sample_variables: []
2019-03-26 18:13:46,393 INFO o.a.j.g.u.JMeterMenuBar: setRunning(true, *local*)
2019-03-26 18:13:46,408 INFO o.a.j.e.StandardJMeterEngine: Starting ThreadGroup: 1 : Thread Group
2019-03-26 18:13:46,408 INFO o.a.j.e.StandardJMeterEngine: Starting 1 threads for group Thread Group.
2019-03-26 18:13:46,408 INFO o.a.j.e.StandardJMeterEngine: Thread will continue on error
2019-03-26 18:13:46,408 INFO o.a.j.t.ThreadGroup: Starting thread group... number=1 threads=1 ramp-up=1 perThread=1000.0 delayedStart=false
2019-03-26 18:13:46,408 INFO o.a.j.t.ThreadGroup: Started thread group number 1
2019-03-26 18:13:46,408 INFO o.a.j.e.StandardJMeterEngine: All thread groups have been started
2019-03-26 18:13:46,408 INFO o.a.j.t.JMeterThread: Thread started: Thread Group 1-1
2019-03-26 18:13:47,728 INFO o.a.j.t.JMeterThread: Thread is done: Thread Group 1-1
2019-03-26 18:13:47,728 INFO o.a.j.t.JMeterThread: Thread finished: Thread Group 1-1
2019-03-26 18:13:47,728 INFO o.a.j.e.StandardJMeterEngine: Notifying test listeners of end of test
2019-03-26 18:13:47,728 INFO o.a.j.g.u.JMeterMenuBar: setRunning(false, *local*)
